<?xml version="1.0" encoding="UTF-8"?>
<testng-results ignored="0" total="1" passed="1" failed="0" skipped="0">
  <reporter-output>
  </reporter-output>
  <suite started-at="2024-08-14T17:22:09 IST" name="Suite" finished-at="2024-08-14T17:22:18 IST" duration-ms="9307">
    <groups>
    </groups>
    <test started-at="2024-08-14T17:22:09 IST" name="Test" finished-at="2024-08-14T17:22:18 IST" duration-ms="9307">
      <class name="testCases.testCase1_Register_User">
        <test-method is-config="true" signature="setup(java.lang.String,java.lang.String)[pri:0, instance:testCases.testCase1_Register_User@2b52c0d6]" started-at="2024-08-14T17:22:09 IST" name="setup" finished-at="2024-08-14T17:22:13 IST" duration-ms="4307" status="PASS">
          <params>
            <param index="0">
              <value>
                <![CDATA[linux]]>
              </value>
            </param>
            <param index="1">
              <value>
                <![CDATA[chrome]]>
              </value>
            </param>
          </params>
          <reporter-output>
          </reporter-output>
        </test-method> <!-- setup -->
        <test-method signature="registeration()[pri:0, instance:testCases.testCase1_Register_User@2b52c0d6]" started-at="2024-08-14T17:22:13 IST" name="registeration" finished-at="2024-08-14T17:22:18 IST" duration-ms="4844" status="PASS">
          <reporter-output>
          </reporter-output>
        </test-method> <!-- registeration -->
        <test-method is-config="true" signature="tearDown()[pri:0, instance:testCases.testCase1_Register_User@2b52c0d6]" started-at="2024-08-14T17:22:18 IST" name="tearDown" finished-at="2024-08-14T17:22:18 IST" duration-ms="1" status="PASS">
          <reporter-output>
          </reporter-output>
        </test-method> <!-- tearDown -->
      </class> <!-- testCases.testCase1_Register_User -->
    </test> <!-- Test -->
  </suite> <!-- Suite -->
</testng-results>
